[18:52:45.901] Global cache location '/home/kris/.cache/typescript/4.4', safe file path '/usr/lib/node_modules/typescript/lib/typingSafeList.json', types map path /usr/lib/node_modules/typescript/lib/typesMap.json
[18:52:45.902] Processing cache location '/home/kris/.cache/typescript/4.4'
[18:52:45.902] Trying to find '/home/kris/.cache/typescript/4.4/package.json'...
[18:52:45.905] Loaded content of '/home/kris/.cache/typescript/4.4/package.json': {"private":true,"dependencies":{"types-registry":"^0.1.568"},"devDependencies":{"@types/abbrev":"^1.1.1","@types/accepts":"^1.3.5","@types/are-we-there-yet":"^1.1.0","@types/argparse":"^2.0.10","@types/aria-query":"^5.0.0","@types/array-find-index":"^1.0.0","@types/array.prototype.flat":"^1.2.1","@types/array.prototype.flatmap":"^1.2.2","@types/asn1":"^0.2.0","@types/assert-plus":"^1.0.4","@types/async":"^3.2.9","@types/aws4":"^1.5.2","@types/babel-plugin-macros":"^2.8.5","@types/babel__core":"^7.1.16","@types/babel__plugin-transform-runtime":"^7.9.2","@types/babel__preset-env":"^7.9.2","@types/balanced-match":"^1.0.1","@types/big.js":"^6.1.2","@types/bl":"^5.0.2","@types/body-parser":"^1.19.1","@types/bonjour":"^3.5.9","@types/boolbase":"^1.0.0","@types/brace-expansion":"^1.1.0","@types/braces":"^3.0.1","@types/buffer-crc32":"^0.2.0","@types/buffer-from":"^1.1.0","@types/bytes":"^3.1.1","@types/cacheable-request":"^6.0.2","@types/call-bind":"^1.0.0","@types/caniuse-lite":"^1.0.1","@types/caseless":"^0.12.2","@types/chownr":"^1.0.0","@types/clean-css":"^4.2.5","@types/clone-deep":"^4.0.1","@types/codemirror":"^5.60.5","@types/color-convert":"^2.0.0","@types/color-name":"^1.1.1","@types/combined-stream":"^1.0.3","@types/commondir":"^1.0.0","@types/compressible":"^2.0.0","@types/compression":"^1.7.2","@types/concat-map":"0.0.1","@types/confusing-browser-globals":"^1.0.0","@types/connect-history-api-fallback":"^1.3.5","@types/content-disposition":"^0.5.4","@types/content-type":"^1.1.5","@types/convert-source-map":"^1.5.2","@types/cookie":"^0.4.1","@types/cookie-signature":"^1.0.3","@types/cross-spawn":"^6.0.2","@types/css-tree":"^1.0.6","@types/cssesc":"^3.0.0","@types/csso":"^4.2.0","@types/damerau-levenshtein":"^1.0.0","@types/dashdash":"^1.14.1","@types/debug":"^4.1.7","@types/decode-uri-component":"^0.2.0","@types/decompress":"^4.2.4","@types/deep-equal":"^1.0.1","@types/default-gateway":"^3.0.1","@types/define-properties":"^1.1.3","@types/depd":"^1.1.32","@types/destroy":"^1.0.0","@types/detect-node":"^2.0.0","@types/dir-glob":"^2.0.1","@types/dns-packet":"^5.2.2","@types/doctrine":"0.0.5","@types/domhandler":"^2.4.2","@types/domutils":"^1.7.4","@types/download":"^8.0.1","@types/duplexer2":"^0.1.3","@types/duplexer3":"^0.1.1","@types/ee-first":"^1.1.0","@types/encodeurl":"^1.0.0","@types/end-of-stream":"^1.4.1","@types/envinfo":"^7.8.1","@types/es-abstract":"^1.17.3","@types/es-to-primitive":"^1.2.4","@types/escape-html":"^1.0.1","@types/eslint":"^7.28.2","@types/eslint-scope":"^3.7.1","@types/eslint-utils":"^3.0.0","@types/eslint-visitor-keys":"^1.0.0","@types/esprima":"^4.0.3","@types/esquery":"^1.0.2","@types/estraverse":"^5.1.1","@types/esutils":"^2.0.0","@types/etag":"^1.8.1","@types/events":"^3.0.0","@types/express":"^4.17.13","@types/extend":"^3.0.1","@types/extsprintf":"^1.4.1","@types/fast-levenshtein":"0.0.2","@types/file-entry-cache":"^5.0.2","@types/finalhandler":"^1.1.1","@types/find-cache-dir":"^3.2.1","@types/find-root":"^1.1.2","@types/flat-cache":"^2.0.0","@types/follow-redirects":"^1.13.1","@types/forever-agent":"^0.6.1","@types/forwarded":"^0.1.0","@types/fresh":"^0.5.0","@types/from2":"^2.3.1","@types/function-bind":"^1.1.6","@types/functional-red-black-tree":"^1.0.1","@types/gaze":"^1.1.1","@types/get-intrinsic":"^1.0.0","@types/getpass":"^0.1.1","@types/gifsicle":"^5.2.0","@types/glob":"^7.2.0","@types/glob-parent":"^5.1.1","@types/glob-to-regexp":"^0.4.1","@types/global-modules":"^2.0.0","@types/global-prefix":"^3.0.0","@types/globjoin":"^0.1.0","@types/globule":"^1.1.4","@types/got":"^9.6.12","@types/graceful-fs":"^4.1.5","@types/has":"^1.0.0","@types/has-ansi":"^5.0.0","@types/has-symbols":"^1.0.0","@types/he":"^1.1.2","@types/hoist-non-react-statics":"^3.3.1","@types/hosted-git-info":"^3.0.2","@types/html-minifier-terser":"^6.0.0","@types/html-webpack-plugin":"^3.2.6","@types/htmlparser2":"^3.10.3","@types/http-cache-semantics":"^4.0.1","@types/http-errors":"^1.8.1","@types/http-proxy":"^1.17.7","@types/icss-utils":"^4.1.0","@types/imagemin":"^8.0.0","@types/imagemin-gifsicle":"^7.0.1","@types/imagemin-mozjpeg":"^8.0.1","@types/imagemin-optipng":"^5.2.1","@types/imagemin-svgo":"^10.0.0","@types/imagemin-webp":"^5.1.2","@types/imurmurhash":"^0.1.1","@types/inherits":"0.0.30","@types/ini":"^1.3.31","@types/internal-slot":"^1.0.1","@types/interpret":"^1.1.1","@types/ip":"^1.1.0","@types/is-arguments":"^1.0.0","@types/is-bigint":"^1.0.0","@types/is-boolean-object":"^1.1.0","@types/is-buffer":"^2.0.0","@types/is-callable":"^1.1.0","@types/is-core-module":"^2.2.0","@types/is-date-object":"^1.0.1","@types/is-finite":"^1.0.0","@types/is-gif":"^4.0.0","@types/is-glob":"^4.0.2","@types/is-natural-number":"^4.0.0","@types/is-number":"^7.0.1","@types/is-object":"^1.0.2","@types/is-regex":"^1.0.0","@types/is-string":"^1.0.0","@types/is-typedarray":"^1.0.0","@types/is-utf8":"^0.2.0","@types/isarray":"^2.0.0","@types/isexe":"^2.0.1","@types/isstream":"^0.1.0","@types/jquery":"^3.5.8","@types/js-yaml":"^4.0.4","@types/jsbn":"^1.2.29","@types/jsesc":"^3.0.1","@types/json-buffer":"^3.0.0","@types/json-parse-better-errors":"^1.0.0","@types/json-schema":"^7.0.9","@types/json-stringify-safe":"^5.0.0","@types/keyv":"^3.1.3","@types/kind-of":"^6.0.0","@types/language-tags":"^1.0.0","@types/loader-runner":"^2.2.4","@types/loader-utils":"^2.0.3","@types/lodash":"^4.14.176","@types/lodash.clonedeep":"^4.5.6","@types/lodash.debounce":"^4.0.6","@types/lodash.merge":"^4.6.6","@types/lodash.truncate":"^4.4.6","@types/lru-cache":"^5.1.1","@types/media-typer":"^1.1.1","@types/memory-fs":"^0.3.3","@types/merge-descriptors":"^1.0.1","@types/merge-stream":"^1.1.2","@types/merge2":"^1.3.1","@types/methods":"^1.1.1","@types/micromatch":"^4.0.2","@types/mime":"^2.0.3","@types/mime-db":"^1.43.1","@types/mime-types":"^2.1.1","@types/min-indent":"^1.0.0","@types/mini-css-extract-plugin":"^2.4.0","@types/minimalistic-assert":"^1.0.1","@types/minimatch":"^3.0.5","@types/minimist":"^1.2.2","@types/minipass":"^3.1.0","@types/minizlib":"^2.1.2","@types/mkdirp":"^1.0.2","@types/mozjpeg":"^5.0.0","@types/ms":"^0.7.31","@types/multicast-dns":"^7.2.1","@types/multipipe":"^3.0.0","@types/natural-compare":"^1.4.1","@types/negotiator":"^0.6.1","@types/nice-try":"^2.1.0","@types/node-forge":"^0.10.9","@types/node-sass":"^4.11.2","@types/nopt":"^3.0.29","@types/normalize-package-data":"^2.4.1","@types/normalize-path":"^3.0.0","@types/npmlog":"^4.1.3","@types/num2fraction":"^1.2.0","@types/number-is-nan":"^2.0.0","@types/object-assign":"^4.0.30","@types/object-inspect":"^1.8.1","@types/object-keys":"^1.0.1","@types/object.fromentries":"^2.0.1","@types/object.getownpropertydescriptors":"^2.1.1","@types/on-finished":"^2.3.1","@types/on-headers":"^1.0.0","@types/once":"^1.4.0","@types/parse-json":"^4.0.0","@types/parseurl":"^1.3.1","@types/path-is-absolute":"^1.0.0","@types/path-parse":"^1.0.19","@types/picomatch":"^2.3.0","@types/pify":"^5.0.1","@types/pngquant-bin":"^4.0.0","@types/postcss-less":"^4.0.1","@types/postcss-modules-extract-imports":"^3.0.2","@types/postcss-modules-local-by-default":"^1.2.2","@types/postcss-modules-scope":"^1.1.2","@types/postcss-modules-values":"^3.0.0","@types/postcss-safe-parser":"^5.0.0","@types/prelude-ls":"^1.1.29","@types/progress":"^2.0.5","@types/prop-types":"^15.7.4","@types/proxy-addr":"^2.0.0","@types/psl":"^1.1.0","@types/pump":"^1.1.1","@types/punycode":"^2.1.0","@types/q":"^1.5.5","@types/qs":"^6.9.7","@types/randombytes":"^2.0.0","@types/range-parser":"^1.2.4","@types/react":"^17.0.35","@types/react-dom":"^17.0.11","@types/react-is":"^17.0.3","@types/react-transition-group":"^4.4.4","@types/readable-stream":"^2.3.11","@types/rechoir":"^0.6.1","@types/regenerate":"^1.4.1","@types/regenerator-runtime":"^0.13.1","@types/relateurl":"^0.2.29","@types/repeat-string":"^1.6.2","@types/repeating":"^3.0.0","@types/replace-ext":"^2.0.0","@types/request":"^2.48.7","@types/require-directory":"^2.1.2","@types/require-from-string":"^1.2.1","@types/requires-port":"^1.0.0","@types/resolve":"^1.20.1","@types/responselike":"^1.0.0","@types/retry":"^0.12.1","@types/rimraf":"^3.0.2","@types/run-parallel":"^1.1.0","@types/safer-buffer":"^2.1.0","@types/sass":"^1.43.0","@types/sass-graph":"^2.1.3","@types/sass-loader":"^8.0.2","@types/sax":"^1.2.3","@types/scheduler":"^0.16.2","@types/semver":"^7.3.9","@types/send":"^0.17.1","@types/serialize-javascript":"^5.0.1","@types/serve-index":"^1.9.1","@types/serve-static":"^1.13.10","@types/shebang-command":"^1.2.0","@types/signal-exit":"^3.0.1","@types/slice-ansi":"^5.0.0","@types/sockjs":"^0.3.33","@types/source-map-support":"^0.5.4","@types/spdx-correct":"^2.0.0","@types/spdx-expression-parse":"^3.0.1","@types/spdy":"^3.4.5","@types/sprintf":"^0.1.0","@types/sprintf-js":"^1.1.2","@types/sshpk":"^1.10.7","@types/statuses":"^2.0.0","@types/stdout-stream":"^1.4.0","@types/strict-uri-encode":"^2.0.0","@types/string.prototype.matchall":"^4.0.0","@types/strip-final-newline":"^3.0.0","@types/style-search":"^0.1.3","@types/stylelint":"^13.13.3","@types/stylis":"^4.0.2","@types/supports-color":"^8.1.1","@types/svg-tags":"^1.0.0","@types/svgo":"^2.6.0","@types/tar":"^4.0.5","@types/tar-stream":"^2.2.2","@types/text-table":"^0.2.2","@types/through":"0.0.30","@types/through2":"^2.0.36","@types/thunky":"^1.1.0","@types/tough-cookie":"^4.0.1","@types/type-check":"^0.3.27","@types/type-is":"^1.6.3","@types/url-parse-lax":"^5.0.0","@types/util-deprecate":"^1.0.0","@types/util.promisify":"^1.0.4","@types/utils-merge":"0.0.28","@types/uuid":"^8.3.1","@types/validate-npm-package-license":"^3.0.1","@types/vary":"^1.1.0","@types/verror":"^1.10.5","@types/watchpack":"^1.1.7","@types/webpack":"^5.28.0","@types/webpack-dev-middleware":"^5.0.2","@types/webpack-dev-server":"^4.3.1","@types/webpack-sources":"^3.2.0","@types/which":"^2.0.1","@types/wrap-ansi":"^8.0.1","@types/write-file-atomic":"^3.0.2","@types/ws":"^8.2.0","@types/xtend":"^4.0.4","@types/yallist":"^4.0.1","@types/yargs":"^17.0.2","@types/yargs-parser":"^20.2.1","@types/yauzl":"^2.9.2"}}
[18:52:45.905] Loaded content of '/home/kris/.cache/typescript/4.4/package-lock.json'
[18:52:45.913] Adding entry into typings cache: 'abbrev' => '/home/kris/.cache/typescript/4.4/node_modules/@types/abbrev/index.d.ts'
[18:52:45.915] Adding entry into typings cache: 'accepts' => '/home/kris/.cache/typescript/4.4/node_modules/@types/accepts/index.d.ts'
[18:52:45.917] Adding entry into typings cache: 'are-we-there-yet' => '/home/kris/.cache/typescript/4.4/node_modules/@types/are-we-there-yet/index.d.ts'
[18:52:45.920] Adding entry into typings cache: 'argparse' => '/home/kris/.cache/typescript/4.4/node_modules/@types/argparse/index.d.ts'
[18:52:45.921] Adding entry into typings cache: 'aria-query' => '/home/kris/.cache/typescript/4.4/node_modules/@types/aria-query/index.d.ts'
[18:52:45.924] Adding entry into typings cache: 'array-find-index' => '/home/kris/.cache/typescript/4.4/node_modules/@types/array-find-index/index.d.ts'
[18:52:45.927] Adding entry into typings cache: 'array.prototype.flat' => '/home/kris/.cache/typescript/4.4/node_modules/@types/array.prototype.flat/index.d.ts'
[18:52:45.929] Adding entry into typings cache: 'array.prototype.flatmap' => '/home/kris/.cache/typescript/4.4/node_modules/@types/array.prototype.flatmap/index.d.ts'
[18:52:45.931] Adding entry into typings cache: 'asn1' => '/home/kris/.cache/typescript/4.4/node_modules/@types/asn1/index.d.ts'
[18:52:45.933] Adding entry into typings cache: 'assert-plus' => '/home/kris/.cache/typescript/4.4/node_modules/@types/assert-plus/index.d.ts'
[18:52:45.936] Adding entry into typings cache: 'async' => '/home/kris/.cache/typescript/4.4/node_modules/@types/async/index.d.ts'
[18:52:45.938] Adding entry into typings cache: 'aws4' => '/home/kris/.cache/typescript/4.4/node_modules/@types/aws4/index.d.ts'
[18:52:45.940] Adding entry into typings cache: 'babel-plugin-macros' => '/home/kris/.cache/typescript/4.4/node_modules/@types/babel-plugin-macros/index.d.ts'
[18:52:45.942] Adding entry into typings cache: 'babel__core' => '/home/kris/.cache/typescript/4.4/node_modules/@types/babel__core/index.d.ts'
[18:52:45.943] Adding entry into typings cache: 'babel__plugin-transform-runtime' => '/home/kris/.cache/typescript/4.4/node_modules/@types/babel__plugin-transform-runtime/index.d.ts'
[18:52:45.945] Adding entry into typings cache: 'babel__preset-env' => '/home/kris/.cache/typescript/4.4/node_modules/@types/babel__preset-env/index.d.ts'
[18:52:45.946] Adding entry into typings cache: 'balanced-match' => '/home/kris/.cache/typescript/4.4/node_modules/@types/balanced-match/index.d.ts'
[18:52:45.948] Adding entry into typings cache: 'big.js' => '/home/kris/.cache/typescript/4.4/node_modules/@types/big.js/index.d.ts'
[18:52:45.949] Adding entry into typings cache: 'bl' => '/home/kris/.cache/typescript/4.4/node_modules/@types/bl/index.d.ts'
[18:52:45.950] Adding entry into typings cache: 'body-parser' => '/home/kris/.cache/typescript/4.4/node_modules/@types/body-parser/index.d.ts'
[18:52:45.951] Adding entry into typings cache: 'bonjour' => '/home/kris/.cache/typescript/4.4/node_modules/@types/bonjour/index.d.ts'
[18:52:45.952] Adding entry into typings cache: 'boolbase' => '/home/kris/.cache/typescript/4.4/node_modules/@types/boolbase/index.d.ts'
[18:52:45.953] Adding entry into typings cache: 'brace-expansion' => '/home/kris/.cache/typescript/4.4/node_modules/@types/brace-expansion/index.d.ts'
[18:52:45.956] Adding entry into typings cache: 'braces' => '/home/kris/.cache/typescript/4.4/node_modules/@types/braces/index.d.ts'
[18:52:45.957] Adding entry into typings cache: 'buffer-crc32' => '/home/kris/.cache/typescript/4.4/node_modules/@types/buffer-crc32/index.d.ts'
[18:52:45.959] Adding entry into typings cache: 'buffer-from' => '/home/kris/.cache/typescript/4.4/node_modules/@types/buffer-from/index.d.ts'
[18:52:45.960] Adding entry into typings cache: 'bytes' => '/home/kris/.cache/typescript/4.4/node_modules/@types/bytes/index.d.ts'
[18:52:45.962] Adding entry into typings cache: 'cacheable-request' => '/home/kris/.cache/typescript/4.4/node_modules/@types/cacheable-request/index.d.ts'
[18:52:45.964] Adding entry into typings cache: 'call-bind' => '/home/kris/.cache/typescript/4.4/node_modules/@types/call-bind/index.d.ts'
[18:52:45.966] Adding entry into typings cache: 'caniuse-lite' => '/home/kris/.cache/typescript/4.4/node_modules/@types/caniuse-lite/index.d.ts'
[18:52:45.968] Adding entry into typings cache: 'caseless' => '/home/kris/.cache/typescript/4.4/node_modules/@types/caseless/index.d.ts'
[18:52:45.970] Adding entry into typings cache: 'chownr' => '/home/kris/.cache/typescript/4.4/node_modules/@types/chownr/index.d.ts'
[18:52:45.971] Adding entry into typings cache: 'clean-css' => '/home/kris/.cache/typescript/4.4/node_modules/@types/clean-css/index.d.ts'
[18:52:45.972] Adding entry into typings cache: 'clone-deep' => '/home/kris/.cache/typescript/4.4/node_modules/@types/clone-deep/index.d.ts'
[18:52:45.975] Adding entry into typings cache: 'codemirror' => '/home/kris/.cache/typescript/4.4/node_modules/@types/codemirror/index.d.ts'
[18:52:45.978] Adding entry into typings cache: 'color-convert' => '/home/kris/.cache/typescript/4.4/node_modules/@types/color-convert/index.d.ts'
[18:52:45.980] Adding entry into typings cache: 'color-name' => '/home/kris/.cache/typescript/4.4/node_modules/@types/color-name/index.d.ts'
[18:52:45.983] Adding entry into typings cache: 'combined-stream' => '/home/kris/.cache/typescript/4.4/node_modules/@types/combined-stream/index.d.ts'
[18:52:45.985] Adding entry into typings cache: 'commondir' => '/home/kris/.cache/typescript/4.4/node_modules/@types/commondir/index.d.ts'
[18:52:45.986] Adding entry into typings cache: 'compressible' => '/home/kris/.cache/typescript/4.4/node_modules/@types/compressible/index.d.ts'
[18:52:45.987] Adding entry into typings cache: 'compression' => '/home/kris/.cache/typescript/4.4/node_modules/@types/compression/index.d.ts'
[18:52:45.988] Adding entry into typings cache: 'concat-map' => '/home/kris/.cache/typescript/4.4/node_modules/@types/concat-map/index.d.ts'
[18:52:45.989] Adding entry into typings cache: 'confusing-browser-globals' => '/home/kris/.cache/typescript/4.4/node_modules/@types/confusing-browser-globals/index.d.ts'
[18:52:45.992] Adding entry into typings cache: 'connect-history-api-fallback' => '/home/kris/.cache/typescript/4.4/node_modules/@types/connect-history-api-fallback/index.d.ts'
[18:52:45.994] Adding entry into typings cache: 'content-disposition' => '/home/kris/.cache/typescript/4.4/node_modules/@types/content-disposition/index.d.ts'
[18:52:45.995] Adding entry into typings cache: 'content-type' => '/home/kris/.cache/typescript/4.4/node_modules/@types/content-type/index.d.ts'
[18:52:45.996] Adding entry into typings cache: 'convert-source-map' => '/home/kris/.cache/typescript/4.4/node_modules/@types/convert-source-map/index.d.ts'
[18:52:45.998] Adding entry into typings cache: 'cookie' => '/home/kris/.cache/typescript/4.4/node_modules/@types/cookie/index.d.ts'
[18:52:45.999] Adding entry into typings cache: 'cookie-signature' => '/home/kris/.cache/typescript/4.4/node_modules/@types/cookie-signature/index.d.ts'
[18:52:46.000] Adding entry into typings cache: 'cross-spawn' => '/home/kris/.cache/typescript/4.4/node_modules/@types/cross-spawn/index.d.ts'
[18:52:46.001] Adding entry into typings cache: 'css-tree' => '/home/kris/.cache/typescript/4.4/node_modules/@types/css-tree/index.d.ts'
[18:52:46.001] Adding entry into typings cache: 'cssesc' => '/home/kris/.cache/typescript/4.4/node_modules/@types/cssesc/index.d.ts'
[18:52:46.003] Adding entry into typings cache: 'csso' => '/home/kris/.cache/typescript/4.4/node_modules/@types/csso/index.d.ts'
[18:52:46.006] Adding entry into typings cache: 'damerau-levenshtein' => '/home/kris/.cache/typescript/4.4/node_modules/@types/damerau-levenshtein/index.d.ts'
[18:52:46.007] Adding entry into typings cache: 'dashdash' => '/home/kris/.cache/typescript/4.4/node_modules/@types/dashdash/index.d.ts'
[18:52:46.009] Adding entry into typings cache: 'debug' => '/home/kris/.cache/typescript/4.4/node_modules/@types/debug/index.d.ts'
[18:52:46.011] Adding entry into typings cache: 'decode-uri-component' => '/home/kris/.cache/typescript/4.4/node_modules/@types/decode-uri-component/index.d.ts'
[18:52:46.011] Adding entry into typings cache: 'decompress' => '/home/kris/.cache/typescript/4.4/node_modules/@types/decompress/index.d.ts'
[18:52:46.012] Adding entry into typings cache: 'deep-equal' => '/home/kris/.cache/typescript/4.4/node_modules/@types/deep-equal/index.d.ts'
[18:52:46.013] Adding entry into typings cache: 'default-gateway' => '/home/kris/.cache/typescript/4.4/node_modules/@types/default-gateway/index.d.ts'
[18:52:46.015] Adding entry into typings cache: 'define-properties' => '/home/kris/.cache/typescript/4.4/node_modules/@types/define-properties/index.d.ts'
[18:52:46.016] Adding entry into typings cache: 'depd' => '/home/kris/.cache/typescript/4.4/node_modules/@types/depd/index.d.ts'
[18:52:46.018] Adding entry into typings cache: 'destroy' => '/home/kris/.cache/typescript/4.4/node_modules/@types/destroy/index.d.ts'
[18:52:46.019] Adding entry into typings cache: 'detect-node' => '/home/kris/.cache/typescript/4.4/node_modules/@types/detect-node/index.d.ts'
[18:52:46.020] Adding entry into typings cache: 'dir-glob' => '/home/kris/.cache/typescript/4.4/node_modules/@types/dir-glob/index.d.ts'
[18:52:46.020] Adding entry into typings cache: 'dns-packet' => '/home/kris/.cache/typescript/4.4/node_modules/@types/dns-packet/index.d.ts'
[18:52:46.021] Adding entry into typings cache: 'doctrine' => '/home/kris/.cache/typescript/4.4/node_modules/@types/doctrine/index.d.ts'
[18:52:46.022] Adding entry into typings cache: 'domhandler' => '/home/kris/.cache/typescript/4.4/node_modules/@types/domhandler/index.d.ts'
[18:52:46.023] Adding entry into typings cache: 'domutils' => '/home/kris/.cache/typescript/4.4/node_modules/@types/domutils/index.d.ts'
[18:52:46.024] Adding entry into typings cache: 'download' => '/home/kris/.cache/typescript/4.4/node_modules/@types/download/index.d.ts'
[18:52:46.024] Adding entry into typings cache: 'duplexer2' => '/home/kris/.cache/typescript/4.4/node_modules/@types/duplexer2/index.d.ts'
[18:52:46.025] Adding entry into typings cache: 'duplexer3' => '/home/kris/.cache/typescript/4.4/node_modules/@types/duplexer3/index.d.ts'
[18:52:46.027] Adding entry into typings cache: 'ee-first' => '/home/kris/.cache/typescript/4.4/node_modules/@types/ee-first/index.d.ts'
[18:52:46.028] Adding entry into typings cache: 'encodeurl' => '/home/kris/.cache/typescript/4.4/node_modules/@types/encodeurl/index.d.ts'
[18:52:46.029] Adding entry into typings cache: 'end-of-stream' => '/home/kris/.cache/typescript/4.4/node_modules/@types/end-of-stream/index.d.ts'
[18:52:46.029] Adding entry into typings cache: 'envinfo' => '/home/kris/.cache/typescript/4.4/node_modules/@types/envinfo/index.d.ts'
[18:52:46.030] Adding entry into typings cache: 'es-abstract' => '/home/kris/.cache/typescript/4.4/node_modules/@types/es-abstract/index.d.ts'
[18:52:46.031] Adding entry into typings cache: 'es-to-primitive' => '/home/kris/.cache/typescript/4.4/node_modules/@types/es-to-primitive/index.d.ts'
[18:52:46.031] Adding entry into typings cache: 'escape-html' => '/home/kris/.cache/typescript/4.4/node_modules/@types/escape-html/index.d.ts'
[18:52:46.032] Adding entry into typings cache: 'eslint' => '/home/kris/.cache/typescript/4.4/node_modules/@types/eslint/index.d.ts'
[18:52:46.034] Adding entry into typings cache: 'eslint-scope' => '/home/kris/.cache/typescript/4.4/node_modules/@types/eslint-scope/index.d.ts'
[18:52:46.035] Adding entry into typings cache: 'eslint-utils' => '/home/kris/.cache/typescript/4.4/node_modules/@types/eslint-utils/index.d.ts'
[18:52:46.036] Adding entry into typings cache: 'eslint-visitor-keys' => '/home/kris/.cache/typescript/4.4/node_modules/@types/eslint-visitor-keys/index.d.ts'
[18:52:46.036] Adding entry into typings cache: 'esprima' => '/home/kris/.cache/typescript/4.4/node_modules/@types/esprima/index.d.ts'
[18:52:46.037] Adding entry into typings cache: 'esquery' => '/home/kris/.cache/typescript/4.4/node_modules/@types/esquery/index.d.ts'
[18:52:46.038] Adding entry into typings cache: 'estraverse' => '/home/kris/.cache/typescript/4.4/node_modules/@types/estraverse/index.d.ts'
[18:52:46.038] Adding entry into typings cache: 'esutils' => '/home/kris/.cache/typescript/4.4/node_modules/@types/esutils/index.d.ts'
[18:52:46.039] Adding entry into typings cache: 'etag' => '/home/kris/.cache/typescript/4.4/node_modules/@types/etag/index.d.ts'
[18:52:46.040] Adding entry into typings cache: 'events' => '/home/kris/.cache/typescript/4.4/node_modules/@types/events/index.d.ts'
[18:52:46.041] Adding entry into typings cache: 'express' => '/home/kris/.cache/typescript/4.4/node_modules/@types/express/index.d.ts'
[18:52:46.041] Adding entry into typings cache: 'extend' => '/home/kris/.cache/typescript/4.4/node_modules/@types/extend/index.d.ts'
[18:52:46.042] Adding entry into typings cache: 'extsprintf' => '/home/kris/.cache/typescript/4.4/node_modules/@types/extsprintf/index.d.ts'
[18:52:46.042] Adding entry into typings cache: 'fast-levenshtein' => '/home/kris/.cache/typescript/4.4/node_modules/@types/fast-levenshtein/index.d.ts'
[18:52:46.043] Adding entry into typings cache: 'file-entry-cache' => '/home/kris/.cache/typescript/4.4/node_modules/@types/file-entry-cache/index.d.ts'
[18:52:46.044] Adding entry into typings cache: 'finalhandler' => '/home/kris/.cache/typescript/4.4/node_modules/@types/finalhandler/index.d.ts'
[18:52:46.044] Adding entry into typings cache: 'find-cache-dir' => '/home/kris/.cache/typescript/4.4/node_modules/@types/find-cache-dir/index.d.ts'
[18:52:46.045] Adding entry into typings cache: 'find-root' => '/home/kris/.cache/typescript/4.4/node_modules/@types/find-root/index.d.ts'
[18:52:46.045] Adding entry into typings cache: 'flat-cache' => '/home/kris/.cache/typescript/4.4/node_modules/@types/flat-cache/index.d.ts'
[18:52:46.047] Adding entry into typings cache: 'follow-redirects' => '/home/kris/.cache/typescript/4.4/node_modules/@types/follow-redirects/index.d.ts'
[18:52:46.048] Adding entry into typings cache: 'forever-agent' => '/home/kris/.cache/typescript/4.4/node_modules/@types/forever-agent/index.d.ts'
[18:52:46.048] Adding entry into typings cache: 'forwarded' => '/home/kris/.cache/typescript/4.4/node_modules/@types/forwarded/index.d.ts'
[18:52:46.049] Adding entry into typings cache: 'fresh' => '/home/kris/.cache/typescript/4.4/node_modules/@types/fresh/index.d.ts'
[18:52:46.049] Adding entry into typings cache: 'from2' => '/home/kris/.cache/typescript/4.4/node_modules/@types/from2/index.d.ts'
[18:52:46.049] Adding entry into typings cache: 'function-bind' => '/home/kris/.cache/typescript/4.4/node_modules/@types/function-bind/index.d.ts'
[18:52:46.050] Adding entry into typings cache: 'functional-red-black-tree' => '/home/kris/.cache/typescript/4.4/node_modules/@types/functional-red-black-tree/index.d.ts'
[18:52:46.050] Adding entry into typings cache: 'gaze' => '/home/kris/.cache/typescript/4.4/node_modules/@types/gaze/index.d.ts'
[18:52:46.051] Adding entry into typings cache: 'get-intrinsic' => '/home/kris/.cache/typescript/4.4/node_modules/@types/get-intrinsic/index.d.ts'
[18:52:46.051] Adding entry into typings cache: 'getpass' => '/home/kris/.cache/typescript/4.4/node_modules/@types/getpass/index.d.ts'
[18:52:46.052] Adding entry into typings cache: 'gifsicle' => '/home/kris/.cache/typescript/4.4/node_modules/@types/gifsicle/index.d.ts'
[18:52:46.052] Adding entry into typings cache: 'glob' => '/home/kris/.cache/typescript/4.4/node_modules/@types/glob/index.d.ts'
[18:52:46.053] Adding entry into typings cache: 'glob-parent' => '/home/kris/.cache/typescript/4.4/node_modules/@types/glob-parent/index.d.ts'
[18:52:46.054] Adding entry into typings cache: 'glob-to-regexp' => '/home/kris/.cache/typescript/4.4/node_modules/@types/glob-to-regexp/index.d.ts'
[18:52:46.054] Adding entry into typings cache: 'global-modules' => '/home/kris/.cache/typescript/4.4/node_modules/@types/global-modules/index.d.ts'
[18:52:46.055] Adding entry into typings cache: 'global-prefix' => '/home/kris/.cache/typescript/4.4/node_modules/@types/global-prefix/index.d.ts'
[18:52:46.055] Adding entry into typings cache: 'globjoin' => '/home/kris/.cache/typescript/4.4/node_modules/@types/globjoin/index.d.ts'
[18:52:46.055] Adding entry into typings cache: 'globule' => '/home/kris/.cache/typescript/4.4/node_modules/@types/globule/index.d.ts'
[18:52:46.057] Adding entry into typings cache: 'got' => '/home/kris/.cache/typescript/4.4/node_modules/@types/got/index.d.ts'
[18:52:46.058] Adding entry into typings cache: 'graceful-fs' => '/home/kris/.cache/typescript/4.4/node_modules/@types/graceful-fs/index.d.ts'
[18:52:46.058] Adding entry into typings cache: 'has' => '/home/kris/.cache/typescript/4.4/node_modules/@types/has/index.d.ts'
[18:52:46.059] Adding entry into typings cache: 'has-ansi' => '/home/kris/.cache/typescript/4.4/node_modules/@types/has-ansi/index.d.ts'
[18:52:46.059] Adding entry into typings cache: 'has-symbols' => '/home/kris/.cache/typescript/4.4/node_modules/@types/has-symbols/index.d.ts'
[18:52:46.060] Adding entry into typings cache: 'he' => '/home/kris/.cache/typescript/4.4/node_modules/@types/he/index.d.ts'
[18:52:46.061] Adding entry into typings cache: 'hoist-non-react-statics' => '/home/kris/.cache/typescript/4.4/node_modules/@types/hoist-non-react-statics/index.d.ts'
[18:52:46.061] Adding entry into typings cache: 'hosted-git-info' => '/home/kris/.cache/typescript/4.4/node_modules/@types/hosted-git-info/index.d.ts'
[18:52:46.061] Adding entry into typings cache: 'html-minifier-terser' => '/home/kris/.cache/typescript/4.4/node_modules/@types/html-minifier-terser/index.d.ts'
[18:52:46.062] Adding entry into typings cache: 'html-webpack-plugin' => '/home/kris/.cache/typescript/4.4/node_modules/@types/html-webpack-plugin/index.d.ts'
[18:52:46.062] Adding entry into typings cache: 'htmlparser2' => '/home/kris/.cache/typescript/4.4/node_modules/@types/htmlparser2/index.d.ts'
[18:52:46.063] Adding entry into typings cache: 'http-cache-semantics' => '/home/kris/.cache/typescript/4.4/node_modules/@types/http-cache-semantics/index.d.ts'
[18:52:46.063] Adding entry into typings cache: 'http-errors' => '/home/kris/.cache/typescript/4.4/node_modules/@types/http-errors/index.d.ts'
[18:52:46.064] Adding entry into typings cache: 'http-proxy' => '/home/kris/.cache/typescript/4.4/node_modules/@types/http-proxy/index.d.ts'
[18:52:46.065] Adding entry into typings cache: 'icss-utils' => '/home/kris/.cache/typescript/4.4/node_modules/@types/icss-utils/index.d.ts'
[18:52:46.066] Adding entry into typings cache: 'imagemin' => '/home/kris/.cache/typescript/4.4/node_modules/@types/imagemin/index.d.ts'
[18:52:46.067] Adding entry into typings cache: 'imagemin-gifsicle' => '/home/kris/.cache/typescript/4.4/node_modules/@types/imagemin-gifsicle/index.d.ts'
[18:52:46.067] Adding entry into typings cache: 'imagemin-mozjpeg' => '/home/kris/.cache/typescript/4.4/node_modules/@types/imagemin-mozjpeg/index.d.ts'
[18:52:46.068] Adding entry into typings cache: 'imagemin-optipng' => '/home/kris/.cache/typescript/4.4/node_modules/@types/imagemin-optipng/index.d.ts'
[18:52:46.069] Adding entry into typings cache: 'imagemin-svgo' => '/home/kris/.cache/typescript/4.4/node_modules/@types/imagemin-svgo/index.d.ts'
[18:52:46.069] Adding entry into typings cache: 'imagemin-webp' => '/home/kris/.cache/typescript/4.4/node_modules/@types/imagemin-webp/index.d.ts'
[18:52:46.070] Adding entry into typings cache: 'imurmurhash' => '/home/kris/.cache/typescript/4.4/node_modules/@types/imurmurhash/index.d.ts'
[18:52:46.071] Adding entry into typings cache: 'inherits' => '/home/kris/.cache/typescript/4.4/node_modules/@types/inherits/index.d.ts'
[18:52:46.073] Adding entry into typings cache: 'ini' => '/home/kris/.cache/typescript/4.4/node_modules/@types/ini/index.d.ts'
[18:52:46.073] Adding entry into typings cache: 'internal-slot' => '/home/kris/.cache/typescript/4.4/node_modules/@types/internal-slot/index.d.ts'
[18:52:46.074] Adding entry into typings cache: 'interpret' => '/home/kris/.cache/typescript/4.4/node_modules/@types/interpret/index.d.ts'
[18:52:46.074] Adding entry into typings cache: 'ip' => '/home/kris/.cache/typescript/4.4/node_modules/@types/ip/index.d.ts'
[18:52:46.075] Adding entry into typings cache: 'is-arguments' => '/home/kris/.cache/typescript/4.4/node_modules/@types/is-arguments/index.d.ts'
[18:52:46.076] Adding entry into typings cache: 'is-bigint' => '/home/kris/.cache/typescript/4.4/node_modules/@types/is-bigint/index.d.ts'
[18:52:46.077] Adding entry into typings cache: 'is-boolean-object' => '/home/kris/.cache/typescript/4.4/node_modules/@types/is-boolean-object/index.d.ts'
[18:52:46.078] Adding entry into typings cache: 'is-buffer' => '/home/kris/.cache/typescript/4.4/node_modules/@types/is-buffer/index.d.ts'
[18:52:46.079] Adding entry into typings cache: 'is-callable' => '/home/kris/.cache/typescript/4.4/node_modules/@types/is-callable/index.d.ts'
[18:52:46.079] Adding entry into typings cache: 'is-core-module' => '/home/kris/.cache/typescript/4.4/node_modules/@types/is-core-module/index.d.ts'
[18:52:46.080] Adding entry into typings cache: 'is-date-object' => '/home/kris/.cache/typescript/4.4/node_modules/@types/is-date-object/index.d.ts'
[18:52:46.080] Adding entry into typings cache: 'is-finite' => '/home/kris/.cache/typescript/4.4/node_modules/@types/is-finite/index.d.ts'
[18:52:46.081] Adding entry into typings cache: 'is-gif' => '/home/kris/.cache/typescript/4.4/node_modules/@types/is-gif/index.d.ts'
[18:52:46.082] Adding entry into typings cache: 'is-glob' => '/home/kris/.cache/typescript/4.4/node_modules/@types/is-glob/index.d.ts'
[18:52:46.082] Adding entry into typings cache: 'is-natural-number' => '/home/kris/.cache/typescript/4.4/node_modules/@types/is-natural-number/index.d.ts'
[18:52:46.083] Adding entry into typings cache: 'is-number' => '/home/kris/.cache/typescript/4.4/node_modules/@types/is-number/index.d.ts'
[18:52:46.084] Adding entry into typings cache: 'is-object' => '/home/kris/.cache/typescript/4.4/node_modules/@types/is-object/index.d.ts'
[18:52:46.084] Adding entry into typings cache: 'is-regex' => '/home/kris/.cache/typescript/4.4/node_modules/@types/is-regex/index.d.ts'
[18:52:46.084] Adding entry into typings cache: 'is-string' => '/home/kris/.cache/typescript/4.4/node_modules/@types/is-string/index.d.ts'
[18:52:46.085] Adding entry into typings cache: 'is-typedarray' => '/home/kris/.cache/typescript/4.4/node_modules/@types/is-typedarray/index.d.ts'
[18:52:46.085] Adding entry into typings cache: 'is-utf8' => '/home/kris/.cache/typescript/4.4/node_modules/@types/is-utf8/index.d.ts'
[18:52:46.086] Adding entry into typings cache: 'isarray' => '/home/kris/.cache/typescript/4.4/node_modules/@types/isarray/index.d.ts'
[18:52:46.087] Adding entry into typings cache: 'isexe' => '/home/kris/.cache/typescript/4.4/node_modules/@types/isexe/index.d.ts'
[18:52:46.087] Adding entry into typings cache: 'isstream' => '/home/kris/.cache/typescript/4.4/node_modules/@types/isstream/index.d.ts'
[18:52:46.087] Adding entry into typings cache: 'jquery' => '/home/kris/.cache/typescript/4.4/node_modules/@types/jquery/index.d.ts'
[18:52:46.088] Adding entry into typings cache: 'js-yaml' => '/home/kris/.cache/typescript/4.4/node_modules/@types/js-yaml/index.d.ts'
[18:52:46.088] Adding entry into typings cache: 'jsbn' => '/home/kris/.cache/typescript/4.4/node_modules/@types/jsbn/index.d.ts'
[18:52:46.089] Adding entry into typings cache: 'jsesc' => '/home/kris/.cache/typescript/4.4/node_modules/@types/jsesc/index.d.ts'
[18:52:46.089] Adding entry into typings cache: 'json-buffer' => '/home/kris/.cache/typescript/4.4/node_modules/@types/json-buffer/index.d.ts'
[18:52:46.090] Adding entry into typings cache: 'json-parse-better-errors' => '/home/kris/.cache/typescript/4.4/node_modules/@types/json-parse-better-errors/index.d.ts'
[18:52:46.091] Adding entry into typings cache: 'json-schema' => '/home/kris/.cache/typescript/4.4/node_modules/@types/json-schema/index.d.ts'
[18:52:46.092] Adding entry into typings cache: 'json-stringify-safe' => '/home/kris/.cache/typescript/4.4/node_modules/@types/json-stringify-safe/index.d.ts'
[18:52:46.093] Adding entry into typings cache: 'keyv' => '/home/kris/.cache/typescript/4.4/node_modules/@types/keyv/index.d.ts'
[18:52:46.095] Adding entry into typings cache: 'kind-of' => '/home/kris/.cache/typescript/4.4/node_modules/@types/kind-of/index.d.ts'
[18:52:46.095] Adding entry into typings cache: 'language-tags' => '/home/kris/.cache/typescript/4.4/node_modules/@types/language-tags/index.d.ts'
[18:52:46.096] Adding entry into typings cache: 'loader-runner' => '/home/kris/.cache/typescript/4.4/node_modules/@types/loader-runner/index.d.ts'
[18:52:46.096] Adding entry into typings cache: 'loader-utils' => '/home/kris/.cache/typescript/4.4/node_modules/@types/loader-utils/index.d.ts'
[18:52:46.097] Adding entry into typings cache: 'lodash' => '/home/kris/.cache/typescript/4.4/node_modules/@types/lodash/index.d.ts'
[18:52:46.097] Adding entry into typings cache: 'lodash.clonedeep' => '/home/kris/.cache/typescript/4.4/node_modules/@types/lodash.clonedeep/index.d.ts'
[18:52:46.097] Adding entry into typings cache: 'lodash.debounce' => '/home/kris/.cache/typescript/4.4/node_modules/@types/lodash.debounce/index.d.ts'
[18:52:46.098] Adding entry into typings cache: 'lodash.merge' => '/home/kris/.cache/typescript/4.4/node_modules/@types/lodash.merge/index.d.ts'
[18:52:46.099] Adding entry into typings cache: 'lodash.truncate' => '/home/kris/.cache/typescript/4.4/node_modules/@types/lodash.truncate/index.d.ts'
[18:52:46.099] Adding entry into typings cache: 'lru-cache' => '/home/kris/.cache/typescript/4.4/node_modules/@types/lru-cache/index.d.ts'
[18:52:46.099] Adding entry into typings cache: 'media-typer' => '/home/kris/.cache/typescript/4.4/node_modules/@types/media-typer/index.d.ts'
[18:52:46.100] Adding entry into typings cache: 'memory-fs' => '/home/kris/.cache/typescript/4.4/node_modules/@types/memory-fs/index.d.ts'
[18:52:46.100] Adding entry into typings cache: 'merge-descriptors' => '/home/kris/.cache/typescript/4.4/node_modules/@types/merge-descriptors/index.d.ts'
[18:52:46.101] Adding entry into typings cache: 'merge-stream' => '/home/kris/.cache/typescript/4.4/node_modules/@types/merge-stream/index.d.ts'
[18:52:46.102] Adding entry into typings cache: 'merge2' => '/home/kris/.cache/typescript/4.4/node_modules/@types/merge2/index.d.ts'
[18:52:46.103] Adding entry into typings cache: 'methods' => '/home/kris/.cache/typescript/4.4/node_modules/@types/methods/index.d.ts'
[18:52:46.104] Adding entry into typings cache: 'micromatch' => '/home/kris/.cache/typescript/4.4/node_modules/@types/micromatch/index.d.ts'
[18:52:46.104] Adding entry into typings cache: 'mime' => '/home/kris/.cache/typescript/4.4/node_modules/@types/mime/index.d.ts'
[18:52:46.105] Adding entry into typings cache: 'mime-db' => '/home/kris/.cache/typescript/4.4/node_modules/@types/mime-db/index.d.ts'
[18:52:46.105] Adding entry into typings cache: 'mime-types' => '/home/kris/.cache/typescript/4.4/node_modules/@types/mime-types/index.d.ts'
[18:52:46.106] Adding entry into typings cache: 'min-indent' => '/home/kris/.cache/typescript/4.4/node_modules/@types/min-indent/index.d.ts'
[18:52:46.106] Adding entry into typings cache: 'mini-css-extract-plugin' => '/home/kris/.cache/typescript/4.4/node_modules/@types/mini-css-extract-plugin/index.d.ts'
[18:52:46.107] Adding entry into typings cache: 'minimalistic-assert' => '/home/kris/.cache/typescript/4.4/node_modules/@types/minimalistic-assert/index.d.ts'
[18:52:46.107] Adding entry into typings cache: 'minimatch' => '/home/kris/.cache/typescript/4.4/node_modules/@types/minimatch/index.d.ts'
[18:52:46.107] Adding entry into typings cache: 'minimist' => '/home/kris/.cache/typescript/4.4/node_modules/@types/minimist/index.d.ts'
[18:52:46.108] Adding entry into typings cache: 'minipass' => '/home/kris/.cache/typescript/4.4/node_modules/@types/minipass/index.d.ts'
[18:52:46.108] Adding entry into typings cache: 'minizlib' => '/home/kris/.cache/typescript/4.4/node_modules/@types/minizlib/index.d.ts'
[18:52:46.109] Adding entry into typings cache: 'mkdirp' => '/home/kris/.cache/typescript/4.4/node_modules/@types/mkdirp/index.d.ts'
[18:52:46.109] Adding entry into typings cache: 'mozjpeg' => '/home/kris/.cache/typescript/4.4/node_modules/@types/mozjpeg/index.d.ts'
[18:52:46.110] Adding entry into typings cache: 'ms' => '/home/kris/.cache/typescript/4.4/node_modules/@types/ms/index.d.ts'
[18:52:46.110] Adding entry into typings cache: 'multicast-dns' => '/home/kris/.cache/typescript/4.4/node_modules/@types/multicast-dns/index.d.ts'
[18:52:46.110] Adding entry into typings cache: 'multipipe' => '/home/kris/.cache/typescript/4.4/node_modules/@types/multipipe/index.d.ts'
[18:52:46.111] Adding entry into typings cache: 'natural-compare' => '/home/kris/.cache/typescript/4.4/node_modules/@types/natural-compare/index.d.ts'
[18:52:46.111] Adding entry into typings cache: 'negotiator' => '/home/kris/.cache/typescript/4.4/node_modules/@types/negotiator/index.d.ts'
[18:52:46.111] Adding entry into typings cache: 'nice-try' => '/home/kris/.cache/typescript/4.4/node_modules/@types/nice-try/index.d.ts'
[18:52:46.112] Adding entry into typings cache: 'node-forge' => '/home/kris/.cache/typescript/4.4/node_modules/@types/node-forge/index.d.ts'
[18:52:46.112] Adding entry into typings cache: 'node-sass' => '/home/kris/.cache/typescript/4.4/node_modules/@types/node-sass/index.d.ts'
[18:52:46.113] Adding entry into typings cache: 'nopt' => '/home/kris/.cache/typescript/4.4/node_modules/@types/nopt/index.d.ts'
[18:52:46.114] Adding entry into typings cache: 'normalize-package-data' => '/home/kris/.cache/typescript/4.4/node_modules/@types/normalize-package-data/index.d.ts'
[18:52:46.115] Adding entry into typings cache: 'normalize-path' => '/home/kris/.cache/typescript/4.4/node_modules/@types/normalize-path/index.d.ts'
[18:52:46.115] Adding entry into typings cache: 'npmlog' => '/home/kris/.cache/typescript/4.4/node_modules/@types/npmlog/index.d.ts'
[18:52:46.115] Adding entry into typings cache: 'num2fraction' => '/home/kris/.cache/typescript/4.4/node_modules/@types/num2fraction/index.d.ts'
[18:52:46.116] Adding entry into typings cache: 'number-is-nan' => '/home/kris/.cache/typescript/4.4/node_modules/@types/number-is-nan/index.d.ts'
[18:52:46.116] Adding entry into typings cache: 'object-assign' => '/home/kris/.cache/typescript/4.4/node_modules/@types/object-assign/index.d.ts'
[18:52:46.116] Adding entry into typings cache: 'object-inspect' => '/home/kris/.cache/typescript/4.4/node_modules/@types/object-inspect/index.d.ts'
[18:52:46.117] Adding entry into typings cache: 'object-keys' => '/home/kris/.cache/typescript/4.4/node_modules/@types/object-keys/index.d.ts'
[18:52:46.117] Adding entry into typings cache: 'object.fromentries' => '/home/kris/.cache/typescript/4.4/node_modules/@types/object.fromentries/index.d.ts'
[18:52:46.118] Adding entry into typings cache: 'object.getownpropertydescriptors' => '/home/kris/.cache/typescript/4.4/node_modules/@types/object.getownpropertydescriptors/index.d.ts'
[18:52:46.119] Adding entry into typings cache: 'on-finished' => '/home/kris/.cache/typescript/4.4/node_modules/@types/on-finished/index.d.ts'
[18:52:46.119] Adding entry into typings cache: 'on-headers' => '/home/kris/.cache/typescript/4.4/node_modules/@types/on-headers/index.d.ts'
[18:52:46.120] Adding entry into typings cache: 'once' => '/home/kris/.cache/typescript/4.4/node_modules/@types/once/index.d.ts'
[18:52:46.120] Adding entry into typings cache: 'parse-json' => '/home/kris/.cache/typescript/4.4/node_modules/@types/parse-json/index.d.ts'
[18:52:46.121] Adding entry into typings cache: 'parseurl' => '/home/kris/.cache/typescript/4.4/node_modules/@types/parseurl/index.d.ts'
[18:52:46.122] Adding entry into typings cache: 'path-is-absolute' => '/home/kris/.cache/typescript/4.4/node_modules/@types/path-is-absolute/index.d.ts'
[18:52:46.122] Adding entry into typings cache: 'path-parse' => '/home/kris/.cache/typescript/4.4/node_modules/@types/path-parse/index.d.ts'
[18:52:46.124] Adding entry into typings cache: 'picomatch' => '/home/kris/.cache/typescript/4.4/node_modules/@types/picomatch/index.d.ts'
[18:52:46.125] Adding entry into typings cache: 'pify' => '/home/kris/.cache/typescript/4.4/node_modules/@types/pify/index.d.ts'
[18:52:46.125] Adding entry into typings cache: 'pngquant-bin' => '/home/kris/.cache/typescript/4.4/node_modules/@types/pngquant-bin/index.d.ts'
[18:52:46.126] Adding entry into typings cache: 'postcss-less' => '/home/kris/.cache/typescript/4.4/node_modules/@types/postcss-less/index.d.ts'
[18:52:46.127] Adding entry into typings cache: 'postcss-modules-extract-imports' => '/home/kris/.cache/typescript/4.4/node_modules/@types/postcss-modules-extract-imports/index.d.ts'
[18:52:46.128] Adding entry into typings cache: 'postcss-modules-local-by-default' => '/home/kris/.cache/typescript/4.4/node_modules/@types/postcss-modules-local-by-default/index.d.ts'
[18:52:46.128] Adding entry into typings cache: 'postcss-modules-scope' => '/home/kris/.cache/typescript/4.4/node_modules/@types/postcss-modules-scope/index.d.ts'
[18:52:46.129] Adding entry into typings cache: 'postcss-modules-values' => '/home/kris/.cache/typescript/4.4/node_modules/@types/postcss-modules-values/index.d.ts'
[18:52:46.130] Adding entry into typings cache: 'postcss-safe-parser' => '/home/kris/.cache/typescript/4.4/node_modules/@types/postcss-safe-parser/index.d.ts'
[18:52:46.130] Adding entry into typings cache: 'prelude-ls' => '/home/kris/.cache/typescript/4.4/node_modules/@types/prelude-ls/index.d.ts'
[18:52:46.131] Adding entry into typings cache: 'progress' => '/home/kris/.cache/typescript/4.4/node_modules/@types/progress/index.d.ts'
[18:52:46.131] Adding entry into typings cache: 'prop-types' => '/home/kris/.cache/typescript/4.4/node_modules/@types/prop-types/index.d.ts'
[18:52:46.132] Adding entry into typings cache: 'proxy-addr' => '/home/kris/.cache/typescript/4.4/node_modules/@types/proxy-addr/index.d.ts'
[18:52:46.133] Adding entry into typings cache: 'psl' => '/home/kris/.cache/typescript/4.4/node_modules/@types/psl/index.d.ts'
[18:52:46.133] Adding entry into typings cache: 'pump' => '/home/kris/.cache/typescript/4.4/node_modules/@types/pump/index.d.ts'
[18:52:46.134] Adding entry into typings cache: 'punycode' => '/home/kris/.cache/typescript/4.4/node_modules/@types/punycode/index.d.ts'
[18:52:46.134] Adding entry into typings cache: 'q' => '/home/kris/.cache/typescript/4.4/node_modules/@types/q/index.d.ts'
[18:52:46.135] Adding entry into typings cache: 'qs' => '/home/kris/.cache/typescript/4.4/node_modules/@types/qs/index.d.ts'
[18:52:46.136] Adding entry into typings cache: 'randombytes' => '/home/kris/.cache/typescript/4.4/node_modules/@types/randombytes/index.d.ts'
[18:52:46.137] Adding entry into typings cache: 'range-parser' => '/home/kris/.cache/typescript/4.4/node_modules/@types/range-parser/index.d.ts'
[18:52:46.137] Adding entry into typings cache: 'react' => '/home/kris/.cache/typescript/4.4/node_modules/@types/react/index.d.ts'
[18:52:46.138] Adding entry into typings cache: 'react-dom' => '/home/kris/.cache/typescript/4.4/node_modules/@types/react-dom/index.d.ts'
[18:52:46.139] Adding entry into typings cache: 'react-is' => '/home/kris/.cache/typescript/4.4/node_modules/@types/react-is/index.d.ts'
[18:52:46.139] Adding entry into typings cache: 'react-transition-group' => '/home/kris/.cache/typescript/4.4/node_modules/@types/react-transition-group/index.d.ts'
[18:52:46.140] Adding entry into typings cache: 'readable-stream' => '/home/kris/.cache/typescript/4.4/node_modules/@types/readable-stream/index.d.ts'
[18:52:46.141] Adding entry into typings cache: 'rechoir' => '/home/kris/.cache/typescript/4.4/node_modules/@types/rechoir/index.d.ts'
[18:52:46.141] Adding entry into typings cache: 'regenerate' => '/home/kris/.cache/typescript/4.4/node_modules/@types/regenerate/index.d.ts'
[18:52:46.142] Adding entry into typings cache: 'regenerator-runtime' => '/home/kris/.cache/typescript/4.4/node_modules/@types/regenerator-runtime/index.d.ts'
[18:52:46.144] Adding entry into typings cache: 'relateurl' => '/home/kris/.cache/typescript/4.4/node_modules/@types/relateurl/index.d.ts'
[18:52:46.145] Adding entry into typings cache: 'repeat-string' => '/home/kris/.cache/typescript/4.4/node_modules/@types/repeat-string/index.d.ts'
[18:52:46.146] Adding entry into typings cache: 'repeating' => '/home/kris/.cache/typescript/4.4/node_modules/@types/repeating/index.d.ts'
[18:52:46.147] Adding entry into typings cache: 'replace-ext' => '/home/kris/.cache/typescript/4.4/node_modules/@types/replace-ext/index.d.ts'
[18:52:46.148] Adding entry into typings cache: 'request' => '/home/kris/.cache/typescript/4.4/node_modules/@types/request/index.d.ts'
[18:52:46.149] Adding entry into typings cache: 'require-directory' => '/home/kris/.cache/typescript/4.4/node_modules/@types/require-directory/index.d.ts'
[18:52:46.149] Adding entry into typings cache: 'require-from-string' => '/home/kris/.cache/typescript/4.4/node_modules/@types/require-from-string/index.d.ts'
[18:52:46.150] Adding entry into typings cache: 'requires-port' => '/home/kris/.cache/typescript/4.4/node_modules/@types/requires-port/index.d.ts'
[18:52:46.150] Adding entry into typings cache: 'resolve' => '/home/kris/.cache/typescript/4.4/node_modules/@types/resolve/index.d.ts'
[18:52:46.151] Adding entry into typings cache: 'responselike' => '/home/kris/.cache/typescript/4.4/node_modules/@types/responselike/index.d.ts'
[18:52:46.151] Adding entry into typings cache: 'retry' => '/home/kris/.cache/typescript/4.4/node_modules/@types/retry/index.d.ts'
[18:52:46.152] Adding entry into typings cache: 'rimraf' => '/home/kris/.cache/typescript/4.4/node_modules/@types/rimraf/index.d.ts'
[18:52:46.152] Adding entry into typings cache: 'run-parallel' => '/home/kris/.cache/typescript/4.4/node_modules/@types/run-parallel/index.d.ts'
[18:52:46.153] Adding entry into typings cache: 'safer-buffer' => '/home/kris/.cache/typescript/4.4/node_modules/@types/safer-buffer/index.d.ts'
[18:52:46.154] Adding entry into typings cache: 'sass' => '/home/kris/.cache/typescript/4.4/node_modules/@types/sass/index.d.ts'
[18:52:46.154] Adding entry into typings cache: 'sass-graph' => '/home/kris/.cache/typescript/4.4/node_modules/@types/sass-graph/index.d.ts'
[18:52:46.155] Adding entry into typings cache: 'sass-loader' => '/home/kris/.cache/typescript/4.4/node_modules/@types/sass-loader/index.d.ts'
[18:52:46.155] Adding entry into typings cache: 'sax' => '/home/kris/.cache/typescript/4.4/node_modules/@types/sax/index.d.ts'
[18:52:46.155] Adding entry into typings cache: 'scheduler' => '/home/kris/.cache/typescript/4.4/node_modules/@types/scheduler/index.d.ts'
[18:52:46.156] Adding entry into typings cache: 'semver' => '/home/kris/.cache/typescript/4.4/node_modules/@types/semver/index.d.ts'
[18:52:46.156] Adding entry into typings cache: 'send' => '/home/kris/.cache/typescript/4.4/node_modules/@types/send/index.d.ts'
[18:52:46.157] Adding entry into typings cache: 'serialize-javascript' => '/home/kris/.cache/typescript/4.4/node_modules/@types/serialize-javascript/index.d.ts'
[18:52:46.157] Adding entry into typings cache: 'serve-index' => '/home/kris/.cache/typescript/4.4/node_modules/@types/serve-index/index.d.ts'
[18:52:46.157] Adding entry into typings cache: 'serve-static' => '/home/kris/.cache/typescript/4.4/node_modules/@types/serve-static/index.d.ts'
[18:52:46.158] Adding entry into typings cache: 'shebang-command' => '/home/kris/.cache/typescript/4.4/node_modules/@types/shebang-command/index.d.ts'
[18:52:46.158] Adding entry into typings cache: 'signal-exit' => '/home/kris/.cache/typescript/4.4/node_modules/@types/signal-exit/index.d.ts'
[18:52:46.158] Adding entry into typings cache: 'slice-ansi' => '/home/kris/.cache/typescript/4.4/node_modules/@types/slice-ansi/index.d.ts'
[18:52:46.159] Adding entry into typings cache: 'sockjs' => '/home/kris/.cache/typescript/4.4/node_modules/@types/sockjs/index.d.ts'
[18:52:46.159] Adding entry into typings cache: 'source-map-support' => '/home/kris/.cache/typescript/4.4/node_modules/@types/source-map-support/index.d.ts'
[18:52:46.160] Adding entry into typings cache: 'spdx-correct' => '/home/kris/.cache/typescript/4.4/node_modules/@types/spdx-correct/index.d.ts'
[18:52:46.160] Adding entry into typings cache: 'spdx-expression-parse' => '/home/kris/.cache/typescript/4.4/node_modules/@types/spdx-expression-parse/index.d.ts'
[18:52:46.160] Adding entry into typings cache: 'spdy' => '/home/kris/.cache/typescript/4.4/node_modules/@types/spdy/index.d.ts'
[18:52:46.161] Adding entry into typings cache: 'sprintf' => '/home/kris/.cache/typescript/4.4/node_modules/@types/sprintf/index.d.ts'
[18:52:46.161] Adding entry into typings cache: 'sprintf-js' => '/home/kris/.cache/typescript/4.4/node_modules/@types/sprintf-js/index.d.ts'
[18:52:46.161] Adding entry into typings cache: 'sshpk' => '/home/kris/.cache/typescript/4.4/node_modules/@types/sshpk/index.d.ts'
[18:52:46.162] Adding entry into typings cache: 'statuses' => '/home/kris/.cache/typescript/4.4/node_modules/@types/statuses/index.d.ts'
[18:52:46.162] Adding entry into typings cache: 'stdout-stream' => '/home/kris/.cache/typescript/4.4/node_modules/@types/stdout-stream/index.d.ts'
[18:52:46.162] Adding entry into typings cache: 'strict-uri-encode' => '/home/kris/.cache/typescript/4.4/node_modules/@types/strict-uri-encode/index.d.ts'
[18:52:46.163] Adding entry into typings cache: 'string.prototype.matchall' => '/home/kris/.cache/typescript/4.4/node_modules/@types/string.prototype.matchall/index.d.ts'
[18:52:46.163] Adding entry into typings cache: 'strip-final-newline' => '/home/kris/.cache/typescript/4.4/node_modules/@types/strip-final-newline/index.d.ts'
[18:52:46.164] Adding entry into typings cache: 'style-search' => '/home/kris/.cache/typescript/4.4/node_modules/@types/style-search/index.d.ts'
[18:52:46.164] Adding entry into typings cache: 'stylelint' => '/home/kris/.cache/typescript/4.4/node_modules/@types/stylelint/index.d.ts'
[18:52:46.165] Adding entry into typings cache: 'stylis' => '/home/kris/.cache/typescript/4.4/node_modules/@types/stylis/index.d.ts'
[18:52:46.165] Adding entry into typings cache: 'supports-color' => '/home/kris/.cache/typescript/4.4/node_modules/@types/supports-color/index.d.ts'
[18:52:46.165] Adding entry into typings cache: 'svg-tags' => '/home/kris/.cache/typescript/4.4/node_modules/@types/svg-tags/index.d.ts'
[18:52:46.166] Adding entry into typings cache: 'svgo' => '/home/kris/.cache/typescript/4.4/node_modules/@types/svgo/index.d.ts'
[18:52:46.166] Adding entry into typings cache: 'tar' => '/home/kris/.cache/typescript/4.4/node_modules/@types/tar/index.d.ts'
[18:52:46.166] Adding entry into typings cache: 'tar-stream' => '/home/kris/.cache/typescript/4.4/node_modules/@types/tar-stream/index.d.ts'
[18:52:46.167] Adding entry into typings cache: 'text-table' => '/home/kris/.cache/typescript/4.4/node_modules/@types/text-table/index.d.ts'
[18:52:46.167] Adding entry into typings cache: 'through' => '/home/kris/.cache/typescript/4.4/node_modules/@types/through/index.d.ts'
[18:52:46.167] Adding entry into typings cache: 'through2' => '/home/kris/.cache/typescript/4.4/node_modules/@types/through2/index.d.ts'
[18:52:46.168] Adding entry into typings cache: 'thunky' => '/home/kris/.cache/typescript/4.4/node_modules/@types/thunky/index.d.ts'
[18:52:46.168] Adding entry into typings cache: 'tough-cookie' => '/home/kris/.cache/typescript/4.4/node_modules/@types/tough-cookie/index.d.ts'
[18:52:46.168] Adding entry into typings cache: 'type-check' => '/home/kris/.cache/typescript/4.4/node_modules/@types/type-check/index.d.ts'
[18:52:46.169] Adding entry into typings cache: 'type-is' => '/home/kris/.cache/typescript/4.4/node_modules/@types/type-is/index.d.ts'
[18:52:46.170] Adding entry into typings cache: 'url-parse-lax' => '/home/kris/.cache/typescript/4.4/node_modules/@types/url-parse-lax/index.d.ts'
[18:52:46.170] Adding entry into typings cache: 'util-deprecate' => '/home/kris/.cache/typescript/4.4/node_modules/@types/util-deprecate/index.d.ts'
[18:52:46.171] Adding entry into typings cache: 'util.promisify' => '/home/kris/.cache/typescript/4.4/node_modules/@types/util.promisify/index.d.ts'
[18:52:46.171] Adding entry into typings cache: 'utils-merge' => '/home/kris/.cache/typescript/4.4/node_modules/@types/utils-merge/index.d.ts'
[18:52:46.172] Adding entry into typings cache: 'uuid' => '/home/kris/.cache/typescript/4.4/node_modules/@types/uuid/index.d.ts'
[18:52:46.172] Adding entry into typings cache: 'validate-npm-package-license' => '/home/kris/.cache/typescript/4.4/node_modules/@types/validate-npm-package-license/index.d.ts'
[18:52:46.173] Adding entry into typings cache: 'vary' => '/home/kris/.cache/typescript/4.4/node_modules/@types/vary/index.d.ts'
[18:52:46.174] Adding entry into typings cache: 'verror' => '/home/kris/.cache/typescript/4.4/node_modules/@types/verror/index.d.ts'
[18:52:46.175] Adding entry into typings cache: 'watchpack' => '/home/kris/.cache/typescript/4.4/node_modules/@types/watchpack/index.d.ts'
[18:52:46.180] Adding entry into typings cache: 'webpack' => '/home/kris/.cache/typescript/4.4/node_modules/webpack/types.d.ts'
[18:52:46.182] Adding entry into typings cache: 'webpack-dev-middleware' => '/home/kris/.cache/typescript/4.4/node_modules/@types/webpack-dev-middleware/index.d.ts'
[18:52:46.183] Adding entry into typings cache: 'webpack-dev-server' => '/home/kris/.cache/typescript/4.4/node_modules/@types/webpack-dev-server/index.d.ts'
[18:52:46.184] Adding entry into typings cache: 'webpack-sources' => '/home/kris/.cache/typescript/4.4/node_modules/@types/webpack-sources/index.d.ts'
[18:52:46.185] Adding entry into typings cache: 'which' => '/home/kris/.cache/typescript/4.4/node_modules/@types/which/index.d.ts'
[18:52:46.185] Adding entry into typings cache: 'wrap-ansi' => '/home/kris/.cache/typescript/4.4/node_modules/@types/wrap-ansi/index.d.ts'
[18:52:46.185] Adding entry into typings cache: 'write-file-atomic' => '/home/kris/.cache/typescript/4.4/node_modules/@types/write-file-atomic/index.d.ts'
[18:52:46.186] Adding entry into typings cache: 'ws' => '/home/kris/.cache/typescript/4.4/node_modules/@types/ws/index.d.ts'
[18:52:46.186] Adding entry into typings cache: 'xtend' => '/home/kris/.cache/typescript/4.4/node_modules/@types/xtend/index.d.ts'
[18:52:46.186] Adding entry into typings cache: 'yallist' => '/home/kris/.cache/typescript/4.4/node_modules/@types/yallist/index.d.ts'
[18:52:46.187] Adding entry into typings cache: 'yargs' => '/home/kris/.cache/typescript/4.4/node_modules/@types/yargs/index.d.ts'
[18:52:46.187] Adding entry into typings cache: 'yargs-parser' => '/home/kris/.cache/typescript/4.4/node_modules/@types/yargs-parser/index.d.ts'
[18:52:46.188] Adding entry into typings cache: 'yauzl' => '/home/kris/.cache/typescript/4.4/node_modules/@types/yauzl/index.d.ts'
[18:52:46.188] Finished processing cache location '/home/kris/.cache/typescript/4.4'
[18:52:46.188] Process id: 413187
[18:52:46.188] NPM location: /usr/bin/npm (explicit '--npmLocation' not  provided)
[18:52:46.188] validateDefaultNpmLocation: false
[18:52:46.188] Npm config file: /home/kris/.cache/typescript/4.4/package.json
[18:52:46.188] Updating types-registry npm package...
[18:52:46.188] Exec: /usr/bin/npm install --ignore-scripts types-registry@latest
[18:52:49.171]     Succeeded. stdout:
    + types-registry@0.1.568
    updated 1 package and audited 651 packages in 2.423s

18 packages are looking for funding
  run `npm fund` for details

found 1 high severity vulnerability
  run `npm audit fix` to fix them, or `npm audit` for details

[18:52:49.171] Updated types-registry npm package
